<?xml version="1.0" encoding="UTF-8"?>
<!-- Generated by org.testng.reporters.JUnitReportReporter -->
<testsuite hostname="CEQ-ICT-LAPTOP-245" failures="0" tests="4" name="TestClass.SavingTestClass" time="36.346" errors="0" timestamp="2024-08-30T19:49:31 IST" skipped="3">
  <testcase classname="TestClass.SavingTestClass" name="At_Savings_page_Verify_that_user_is_able_to_download_the_Idle_Resources_Saving_Detail_data" time="36.346"/>
  <system-out/>
  <testcase classname="TestClass.SavingTestClass" name="At_Saving_page_verify_the_Projected_Savings_values_shown_at_first_section_of_the_page_as_per_the_selected_date_range">
    <skipped/>
  </testcase> <!-- At_Saving_page_verify_the_Projected_Savings_values_shown_at_first_section_of_the_page_as_per_the_selected_date_range -->
  <system-out/>
  <testcase classname="TestClass.SavingTestClass" name="At_Saving_page_verify_the_values_for_TOTAL_SAVINGS_shown_at_first_section_of_the_page_as_per_the_default_date_range">
    <skipped/>
  </testcase> <!-- At_Saving_page_verify_the_values_for_TOTAL_SAVINGS_shown_at_first_section_of_the_page_as_per_the_default_date_range -->
  <system-out/>
  <testcase classname="TestClass.SavingTestClass" name="At_Saving_page_verify_the_values_shown_for_IDLE_RESOURCES_RIGHTSIZING_SNAPSHOTS_at_first_section_of_the_page_as_per_the_default_date_range">
    <skipped/>
  </testcase> <!-- At_Saving_page_verify_the_values_shown_for_IDLE_RESOURCES_RIGHTSIZING_SNAPSHOTS_at_first_section_of_the_page_as_per_the_default_date_range -->
  <system-out/>
</testsuite> <!-- TestClass.SavingTestClass -->
