<?xml version="1.0" encoding="UTF-8"?>
<!-- Generated by org.testng.reporters.JUnitReportReporter -->
<testsuite hostname="CEQ-ICT-LAPTOP-245" failures="0" tests="3" name="TestClass.VM_RecommendationsTestClass" time="29.762" errors="0" timestamp="2024-08-30T12:52:31 IST" skipped="2">
  <testcase classname="TestClass.VM_RecommendationsTestClass" name="Verify_on_Accept_the_Upsize_VM_Recommendations_Upsize_costing_and_Current_cost_should_be_decreased" time="29.762"/>
  <system-out/>
  <testcase classname="TestClass.VM_RecommendationsTestClass" name="At_VM_Recommendations_page_verify_that_archive_upsize_record_is_being_added_to_Archived_page">
    <skipped/>
  </testcase> <!-- At_VM_Recommendations_page_verify_that_archive_upsize_record_is_being_added_to_Archived_page -->
  <system-out/>
  <testcase classname="TestClass.VM_RecommendationsTestClass" name="Verify_on_Archive_the_Upsize_VM_Recommendations_Upsize_costing_and_Current_cost_should_be_decreased">
    <skipped/>
  </testcase> <!-- Verify_on_Archive_the_Upsize_VM_Recommendations_Upsize_costing_and_Current_cost_should_be_decreased -->
  <system-out/>
</testsuite> <!-- TestClass.VM_RecommendationsTestClass -->
