<?xml version="1.0" encoding="UTF-8"?>
<!-- Generated by org.testng.reporters.JUnitReportReporter -->
<<<<<<< HEAD
<testsuite hostname="CEQ-ICT-LAPTOP-245" failures="1" tests="1" name="TestClass.SnapshotsTestClass" time="68.873" errors="0" timestamp="2024-07-30T19:11:32 IST" skipped="0">
  <testcase classname="TestClass.SnapshotsTestClass" name="At_Snapshots_page_verify_the_values_shown_at_first_section_of_the_Active_Snapshots_page" time="68.873">
    <failure message="Total Count of snapshots is match with Database expected [3567] but found [3546]" type="java.lang.AssertionError">
      <![CDATA[java.lang.AssertionError: Total Count of snapshots is match with Database expected [3567] but found [3546]
at org.testng.Assert.fail(Assert.java:99)
at org.testng.Assert.failNotEquals(Assert.java:1037)
at org.testng.Assert.assertEqualsImpl(Assert.java:140)
at org.testng.Assert.assertEquals(Assert.java:122)
at org.testng.Assert.assertEquals(Assert.java:629)
at PageClass.SnapshotsModule.comparetotalsnapshotcountwithdb(SnapshotsModule.java:140)
at TestClass.SnapshotsTestClass.At_Snapshots_page_verify_the_values_shown_at_first_section_of_the_Active_Snapshots_page(SnapshotsTestClass.java:24)
at java.base/jdk.internal.reflect.DirectMethodHandleAccessor.invoke(DirectMethodHandleAccessor.java:103)
at java.base/java.lang.reflect.Method.invoke(Method.java:580)
=======
<<<<<<< HEAD
<testsuite hostname="CEQ-ICT-LAPTOP-109" failures="0" tests="1" name="TestClass.SnapshotsTestClass" time="65.622" errors="1" timestamp="2024-07-10T18:59:14 IST" skipped="0">
  <testcase classname="TestClass.SnapshotsTestClass" name="testSnapshotFunctional" time="65.622">
    <error message="Input must be set" type="java.lang.IllegalArgumentException">
      <![CDATA[java.lang.IllegalArgumentException: Input must be set
at org.openqa.selenium.internal.Require.nonNull(Require.java:59)
at org.openqa.selenium.support.ui.FluentWait.<init>(FluentWait.java:97)
at org.openqa.selenium.support.ui.WebDriverWait.<init>(WebDriverWait.java:77)
at org.openqa.selenium.support.ui.WebDriverWait.<init>(WebDriverWait.java:46)
at Utilities.ReuseMethods.clickElement(ReuseMethods.java:391)
at PageClass.SnapshotsModule.snapshotFunctional(SnapshotsModule.java:151)
at TestClass.SnapshotsTestClass.testSnapshotFunctional(SnapshotsTestClass.java:22)
at java.base/jdk.internal.reflect.NativeMethodAccessorImpl.invoke0(Native Method)
at java.base/jdk.internal.reflect.NativeMethodAccessorImpl.invoke(NativeMethodAccessorImpl.java:77)
at java.base/jdk.internal.reflect.DelegatingMethodAccessorImpl.invoke(DelegatingMethodAccessorImpl.java:43)
at java.base/java.lang.reflect.Method.invoke(Method.java:568)
>>>>>>> aaf5e0e29518f241333e0f788ccd592eb4b1a052
at org.testng.internal.MethodInvocationHelper.invokeMethod(MethodInvocationHelper.java:133)
at org.testng.internal.TestInvoker.invokeMethod(TestInvoker.java:598)
at org.testng.internal.TestInvoker.invokeTestMethod(TestInvoker.java:173)
at org.testng.internal.MethodRunner.runInSequence(MethodRunner.java:46)
at org.testng.internal.TestInvoker$MethodInvocationAgent.invoke(TestInvoker.java:824)
at org.testng.internal.TestInvoker.invokeTestMethods(TestInvoker.java:146)
at org.testng.internal.TestMethodWorker.invokeTestMethods(TestMethodWorker.java:146)
at org.testng.internal.TestMethodWorker.run(TestMethodWorker.java:128)
<<<<<<< HEAD
at java.base/java.util.ArrayList.forEach(ArrayList.java:1597)
=======
at java.base/java.util.ArrayList.forEach(ArrayList.java:1511)
>>>>>>> aaf5e0e29518f241333e0f788ccd592eb4b1a052
at org.testng.TestRunner.privateRun(TestRunner.java:794)
at org.testng.TestRunner.run(TestRunner.java:596)
at org.testng.SuiteRunner.runTest(SuiteRunner.java:377)
at org.testng.SuiteRunner.runSequentially(SuiteRunner.java:371)
at org.testng.SuiteRunner.privateRun(SuiteRunner.java:332)
at org.testng.SuiteRunner.run(SuiteRunner.java:276)
at org.testng.SuiteRunnerWorker.runSuite(SuiteRunnerWorker.java:53)
at org.testng.SuiteRunnerWorker.run(SuiteRunnerWorker.java:96)
at org.testng.TestNG.runSuitesSequentially(TestNG.java:1212)
at org.testng.TestNG.runSuitesLocally(TestNG.java:1134)
at org.testng.TestNG.runSuites(TestNG.java:1063)
at org.testng.TestNG.run(TestNG.java:1031)
at org.testng.remote.AbstractRemoteTestNG.run(AbstractRemoteTestNG.java:115)
at org.testng.remote.RemoteTestNG.initAndRun(RemoteTestNG.java:293)
at org.testng.remote.RemoteTestNG.main(RemoteTestNG.java:91)
]]>
<<<<<<< HEAD
    </failure>
  </testcase> <!-- At_Snapshots_page_verify_the_values_shown_at_first_section_of_the_Active_Snapshots_page -->
=======
    </error>
  </testcase> <!-- testSnapshotFunctional -->
=======
<testsuite hostname="CEQ-ICT-LAPTOP-245" failures="0" tests="1" name="TestClass.SnapshotsTestClass" time="37.301" errors="0" timestamp="2024-07-12T20:51:40 IST" skipped="0">
  <testcase classname="TestClass.SnapshotsTestClass" name="Verify_on_dismissing_the_Snapshot_savings_and_count_of_ORPHANED_SNAPSHOTS_should_be_decreased_in_active_page_of_Snapshots" time="37.301"/>
>>>>>>> 92390a4ac914d514baa055a0ee8bb1d97b2476b7
>>>>>>> aaf5e0e29518f241333e0f788ccd592eb4b1a052
  <system-out/>
</testsuite> <!-- TestClass.SnapshotsTestClass -->
