<?xml version="1.0" encoding="UTF-8"?>
<!-- Generated by org.testng.reporters.JUnitReportReporter -->
<testsuite hostname="CEQ-ICT-LAPTOP-245" failures="0" tests="3" name="TestClass.Idle_ResourcesTestClass" time="54.655" errors="0" timestamp="2024-08-30T19:24:14 IST" skipped="2">
  <testcase classname="TestClass.Idle_ResourcesTestClass" name="At_Idle_Resource_page_verify_the_total_count_and_Savings_for_resource_type_Elastic_IP_for_Idle_for_7_days" time="54.655"/>
  <system-out/>
  <testcase classname="TestClass.Idle_ResourcesTestClass" name="At_Idle_resources_page_verify_the_values_shown_at_first_section_of_the_Active_Idle_Resources_page">
    <skipped/>
  </testcase> <!-- At_Idle_resources_page_verify_the_values_shown_at_first_section_of_the_Active_Idle_Resources_page -->
  <system-out/>
  <testcase classname="TestClass.Idle_ResourcesTestClass" name="Verify_the_Savings_Available_values_shown_at_first_section_of_the_Active_Idle_Resources_Page">
    <skipped/>
  </testcase> <!-- Verify_the_Savings_Available_values_shown_at_first_section_of_the_Active_Idle_Resources_Page -->
  <system-out/>
</testsuite> <!-- TestClass.Idle_ResourcesTestClass -->
