<?xml version="1.0" encoding="UTF-8"?>
<!-- Generated by org.testng.reporters.JUnitReportReporter -->
<testsuite hostname="CEQ-ICT-LAPTOP-245" failures="0" tests="5" name="TestClass.DashboardTestClass" time="42.242" errors="0" timestamp="2024-08-30T19:47:33 IST" skipped="4">
  <testcase classname="TestClass.DashboardTestClass" name="At_Dashboard_page_Verify_that_user_is_able_to_download_the_Daily_Costs_and_Usage_data" time="42.242"/>
  <system-out/>
  <testcase classname="TestClass.DashboardTestClass" name="verify_the_fields_and_values_shown_in_TOTALPERIODCOST_at_First_section_of_the_page">
    <skipped/>
  </testcase> <!-- verify_the_fields_and_values_shown_in_TOTALPERIODCOST_at_First_section_of_the_page -->
  <system-out/>
  <testcase classname="TestClass.DashboardTestClass" name="At_Cost_Explorer_page_verify_the_fields_and_values_shown_in_COST_BY_SERVICES_at_First_section_of_the_page">
    <skipped/>
  </testcase> <!-- At_Cost_Explorer_page_verify_the_fields_and_values_shown_in_COST_BY_SERVICES_at_First_section_of_the_page -->
  <system-out/>
  <testcase classname="TestClass.DashboardTestClass" name="To_verify_that_user_is_able_to_create_widget_by_selecting_filter_Subscription">
    <skipped/>
  </testcase> <!-- To_verify_that_user_is_able_to_create_widget_by_selecting_filter_Subscription -->
  <system-out/>
  <testcase classname="TestClass.DashboardTestClass" name="At_Dashboard_page_verify_the_Savings_Available_values_shown_at_first_section_of_the_page_as_per_the_selected_date_range">
    <skipped/>
  </testcase> <!-- At_Dashboard_page_verify_the_Savings_Available_values_shown_at_first_section_of_the_page_as_per_the_selected_date_range -->
  <system-out/>
</testsuite> <!-- TestClass.DashboardTestClass -->
